# JRE version: OpenJDK Runtime Environment (17.0.9) (build 17.0.9+0--11185874)
# Java VM: OpenJDK 64-Bit Server VM (17.0.9+0--11185874, mixed mode, tiered, compressed oops, compressed class ptrs, g1 gc, windows-amd64)
GC Precious Log:
 CPUs: 12 total, 12 available
 Memory: 6005M
 Large Page Support: Disabled
 NUMA Support: Disabled
 Compressed Oops: Enabled (32-bit)
 Heap Region Size: 1M
 Heap Min Capacity: 8M
 Heap Initial Capacity: 94M
 Heap Max Capacity: 2G
 Pre-touch: Disabled
 Parallel Workers: 10
 Concurrent Workers: 3
 Concurrent Refinement Workers: 10
 Periodic GC: Disabled
Heap:
 garbage-first heap   total 345088K, used 290388K [0x0000000080000000, 0x0000000100000000)
  region size 1024K, 164 young (167936K), 3 survivors (3072K)
 Metaspace       used 122805K, committed 124032K, reserved 1179648K
  class space    used 17031K, committed 17600K, reserved 1048576K
GC Heap History (20 events):
Event: 218.826 GC heap before
{Heap before GC invocations=38 (full 0):
 garbage-first heap   total 198656K, used 110190K [0x0000000080000000, 0x0000000100000000)
  region size 1024K, 9 young (9216K), 4 survivors (4096K)
 Metaspace       used 91635K, committed 92224K, reserved 1179648K
  class space    used 12351K, committed 12608K, reserved 1048576K
}
Event: 218.831 GC heap after
{Heap after GC invocations=39 (full 0):
 garbage-first heap   total 198656K, used 104584K [0x0000000080000000, 0x0000000100000000)
  region size 1024K, 1 young (1024K), 1 survivors (1024K)
 Metaspace       used 91635K, committed 92224K, reserved 1179648K
  class space    used 12351K, committed 12608K, reserved 1048576K
}
Event: 219.217 GC heap before
{Heap before GC invocations=39 (full 0):
 garbage-first heap   total 198656K, used 153736K [0x0000000080000000, 0x0000000100000000)
  region size 1024K, 50 young (51200K), 1 survivors (1024K)
 Metaspace       used 95017K, committed 95616K, reserved 1179648K
  class space    used 12697K, committed 12992K, reserved 1048576K
}
Event: 219.223 GC heap after
{Heap after GC invocations=40 (full 0):
 garbage-first heap   total 362496K, used 109451K [0x0000000080000000, 0x0000000100000000)
  region size 1024K, 6 young (6144K), 6 survivors (6144K)
 Metaspace       used 95017K, committed 95616K, reserved 1179648K
  class space    used 12697K, committed 12992K, reserved 1048576K
}
Event: 295.727 GC heap before
{Heap before GC invocations=41 (full 0):
 garbage-first heap   total 345088K, used 267147K [0x0000000080000000, 0x0000000100000000)
  region size 1024K, 173 young (177152K), 6 survivors (6144K)
 Metaspace       used 102125K, committed 102976K, reserved 1179648K
  class space    used 13555K, committed 13952K, reserved 1048576K
}
Event: 295.738 GC heap after
{Heap after GC invocations=42 (full 0):
 garbage-first heap   total 345088K, used 98684K [0x0000000080000000, 0x0000000100000000)
  region size 1024K, 7 young (7168K), 7 survivors (7168K)
 Metaspace       used 102125K, committed 102976K, reserved 1179648K
  class space    used 13555K, committed 13952K, reserved 1048576K
}
Event: 295.800 GC heap before
{Heap before GC invocations=42 (full 0):
 garbage-first heap   total 345088K, used 106876K [0x0000000080000000, 0x0000000100000000)
  region size 1024K, 16 young (16384K), 7 survivors (7168K)
 Metaspace       used 102130K, committed 102976K, reserved 1179648K
  class space    used 13555K, committed 13952K, reserved 1048576K
}
Event: 295.814 GC heap after
{Heap after GC invocations=43 (full 0):
 garbage-first heap   total 345088K, used 93299K [0x0000000080000000, 0x0000000100000000)
  region size 1024K, 2 young (2048K), 2 survivors (2048K)
 Metaspace       used 102130K, committed 102976K, reserved 1179648K
  class space    used 13555K, committed 13952K, reserved 1048576K
}
Event: 350.313 GC heap before
{Heap before GC invocations=43 (full 0):
 garbage-first heap   total 345088K, used 287859K [0x0000000080000000, 0x0000000100000000)
  region size 1024K, 174 young (178176K), 2 survivors (2048K)
 Metaspace       used 102848K, committed 103680K, reserved 1179648K
  class space    used 13609K, committed 14016K, reserved 1048576K
}
Event: 350.331 GC heap after
{Heap after GC invocations=44 (full 0):
 garbage-first heap   total 345088K, used 98984K [0x0000000080000000, 0x0000000100000000)
  region size 1024K, 7 young (7168K), 7 survivors (7168K)
 Metaspace       used 102848K, committed 103680K, reserved 1179648K
  class space    used 13609K, committed 14016K, reserved 1048576K
}
Event: 350.568 GC heap before
{Heap before GC invocations=44 (full 0):
 garbage-first heap   total 345088K, used 126632K [0x0000000080000000, 0x0000000100000000)
  region size 1024K, 36 young (36864K), 7 survivors (7168K)
 Metaspace       used 103047K, committed 103936K, reserved 1179648K
  class space    used 13621K, committed 14080K, reserved 1048576K
}
Event: 350.579 GC heap after
{Heap after GC invocations=45 (full 0):
 garbage-first heap   total 345088K, used 102927K [0x0000000080000000, 0x0000000100000000)
  region size 1024K, 11 young (11264K), 11 survivors (11264K)
 Metaspace       used 103047K, committed 103936K, reserved 1179648K
  class space    used 13621K, committed 14080K, reserved 1048576K
}
Event: 391.944 GC heap before
{Heap before GC invocations=46 (full 0):
 garbage-first heap   total 345088K, used 314895K [0x0000000080000000, 0x0000000100000000)
  region size 1024K, 181 young (185344K), 11 survivors (11264K)
 Metaspace       used 103459K, committed 104384K, reserved 1179648K
  class space    used 13638K, committed 14080K, reserved 1048576K
}
Event: 391.965 GC heap after
{Heap after GC invocations=47 (full 0):
 garbage-first heap   total 345088K, used 106146K [0x0000000080000000, 0x0000000100000000)
  region size 1024K, 14 young (14336K), 14 survivors (14336K)
 Metaspace       used 103459K, committed 104384K, reserved 1179648K
  class space    used 13638K, committed 14080K, reserved 1048576K
}
Event: 391.970 GC heap before
{Heap before GC invocations=47 (full 0):
 garbage-first heap   total 345088K, used 108194K [0x0000000080000000, 0x0000000100000000)
  region size 1024K, 16 young (16384K), 14 survivors (14336K)
 Metaspace       used 103461K, committed 104384K, reserved 1179648K
  class space    used 13638K, committed 14080K, reserved 1048576K
}
Event: 391.996 GC heap after
{Heap after GC invocations=48 (full 0):
 garbage-first heap   total 345088K, used 100904K [0x0000000080000000, 0x0000000100000000)
  region size 1024K, 2 young (2048K), 2 survivors (2048K)
 Metaspace       used 103461K, committed 104384K, reserved 1179648K
  class space    used 13638K, committed 14080K, reserved 1048576K
}
Event: 393.485 GC heap before
{Heap before GC invocations=48 (full 0):
 garbage-first heap   total 345088K, used 278056K [0x0000000080000000, 0x0000000100000000)
  region size 1024K, 174 young (178176K), 2 survivors (2048K)
 Metaspace       used 117570K, committed 118528K, reserved 1179648K
  class space    used 16063K, committed 16512K, reserved 1048576K
}
Event: 393.497 GC heap after
{Heap after GC invocations=49 (full 0):
 garbage-first heap   total 345088K, used 115635K [0x0000000080000000, 0x0000000100000000)
  region size 1024K, 16 young (16384K), 16 survivors (16384K)
 Metaspace       used 117570K, committed 118528K, reserved 1179648K
  class space    used 16063K, committed 16512K, reserved 1048576K
}
Event: 393.591 GC heap before
{Heap before GC invocations=49 (full 0):
 garbage-first heap   total 345088K, used 125875K [0x0000000080000000, 0x0000000100000000)
  region size 1024K, 27 young (27648K), 16 survivors (16384K)
 Metaspace       used 118164K, committed 119168K, reserved 1179648K
  class space    used 16192K, committed 16640K, reserved 1048576K
}
Event: 393.603 GC heap after
{Heap after GC invocations=50 (full 0):
 garbage-first heap   total 345088K, used 113236K [0x0000000080000000, 0x0000000100000000)
  region size 1024K, 3 young (3072K), 3 survivors (3072K)
 Metaspace       used 118164K, committed 119168K, reserved 1179648K
  class space    used 16192K, committed 16640K, reserved 1048576K
}

